<?xml version="1.0" encoding="UTF-8"?>
<!-- Generated by org.testng.reporters.JUnitXMLReporter -->
<testsuite ignored="0" hostname="anil-patidar.local" failures="0" tests="2" name="ATDTest" time="1.853" errors="0" timestamp="20 Aug 2023 07:13:19 GMT">
  <testcase classname="tests.BaseTest" name="@BeforeMethod setupDriver" time="1.621">
    <failure type="java.util.NoSuchElementException" message="No value present">
      <![CDATA[java.util.NoSuchElementException: No value present
at java.base/java.util.Optional.get(Optional.java:148)
at org.oneframework.config.AndroidDeviceModel.getAndroidDeviceByName(AndroidDeviceModel.java:32)
at org.oneframework.drivers.AndroidDriverBuilder.setupDriver(AndroidDriverBuilder.java:24)
at tests.BaseTest.setupMobileDriver(BaseTest.java:53)
at tests.BaseTest.setupDriver(BaseTest.java:47)
at java.base/jdk.internal.reflect.NativeMethodAccessorImpl.invoke0(Native Method)
at java.base/jdk.internal.reflect.NativeMethodAccessorImpl.invoke(NativeMethodAccessorImpl.java:62)
at java.base/jdk.internal.reflect.DelegatingMethodAccessorImpl.invoke(DelegatingMethodAccessorImpl.java:43)
at java.base/java.lang.reflect.Method.invoke(Method.java:566)
at org.testng.internal.MethodInvocationHelper.invokeMethod(MethodInvocationHelper.java:124)
at org.testng.internal.MethodInvocationHelper.invokeMethodConsideringTimeout(MethodInvocationHelper.java:59)
at org.testng.internal.Invoker.invokeConfigurationMethod(Invoker.java:458)
at org.testng.internal.Invoker.invokeConfigurations(Invoker.java:222)
at org.testng.internal.Invoker.invokeMethod(Invoker.java:523)
at org.testng.internal.Invoker.invokeTestMethod(Invoker.java:719)
at org.testng.internal.Invoker.invokeTestMethods(Invoker.java:989)
at org.testng.internal.TestMethodWorker.invokeTestMethods(TestMethodWorker.java:125)
at org.testng.internal.TestMethodWorker.run(TestMethodWorker.java:109)
at java.base/java.util.concurrent.ThreadPoolExecutor.runWorker(ThreadPoolExecutor.java:1128)
at java.base/java.util.concurrent.ThreadPoolExecutor$Worker.run(ThreadPoolExecutor.java:628)
at java.base/java.lang.Thread.run(Thread.java:829)
]]>
    </failure>
  </testcase> <!-- @BeforeMethod setupDriver -->
  <testcase classname="tests.BaseTest" name="@AfterMethod stopAppiumServer" time="0.0">
    <skipped/>
  </testcase> <!-- @AfterMethod stopAppiumServer -->
  <testcase classname="tests.BaseTest" name="@AfterMethod teardownDriver" time="0.0">
    <skipped/>
  </testcase> <!-- @AfterMethod teardownDriver -->
  <testcase classname="tests.BaseTest" name="@BeforeMethod setupDriver" time="0.0">
    <skipped/>
  </testcase> <!-- @BeforeMethod setupDriver -->
  <testcase classname="tests.BaseTest" name="@AfterMethod stopAppiumServer" time="0.0">
    <skipped/>
  </testcase> <!-- @AfterMethod stopAppiumServer -->
  <testcase classname="tests.BaseTest" name="@AfterMethod teardownDriver" time="0.0">
    <skipped/>
  </testcase> <!-- @AfterMethod teardownDriver -->
  <testcase classname="tests.HomePageTest" name="testSignInOption" time="0.0">
    <skipped/>
  </testcase> <!-- testSignInOption -->
  <testcase classname="tests.HomePageTest" name="testSignUpOption" time="0.0">
    <skipped/>
  </testcase> <!-- testSignUpOption -->
</testsuite> <!-- ATDTest -->
