<?xml version="1.0" encoding="UTF-8"?>
<testsuite name="org.oneframework.runner.TestNgRunner" tests="1" skipped="0" failures="0" errors="0" timestamp="2023-08-20T07:13:16" hostname="anil-patidar.local" time="3.013">
  <properties/>
  <testcase name="starTest" classname="org.oneframework.runner.TestNgRunner" time="3.013"/>
  <system-out><![CDATA[...
... TestNG 6.14.3 by C?dric Beust (cedric@beust.com)
...

executing command : {}bash -c lsof -nti:4723 | xargs kill -9
response: {}org.oneframework.utils.CommandLineResponse@23b689ad
?[35m[Appium]?[39m Welcome to Appium v1.22.3
?[35m[Appium]?[39m Non-default server args:
?[35m[Appium]?[39m   sessionOverride: true
?[35m[Appium]?[39m Appium REST http interface listener started on 0.0.0.0:4723
?[35m[HTTP]?[39m ?[37m-->?[39m ?[37mGET?[39m ?[37m/wd/hub/status?[39m
?[35m[HTTP]?[39m ?[90m{}?[39m
[debug] ?[35m[GENERIC]?[39m Calling AppiumDriver.getStatus() with args: []
[debug] ?[35m[GENERIC]?[39m Responding to client with driver.getStatus() result: {"build":{"version":"1.22.3"}}
?[35m[HTTP]?[39m ?[37m<-- GET /wd/hub/status ?[39m?[32m200?[39m ?[90m6 ms - 68?[39m
?[35m[HTTP]?[39m ?[90m?[39m
TEST SKIP: testSignInOption - testing the signin page visually
TEST SKIP: testSignUpOption - testing the signup page visually
TEST FINISH: ATDTest
FAILED CONFIGURATION: @BeforeMethod setupDriver("mobile", "android", null)
java.util.NoSuchElementException: No value present
	at java.base/java.util.Optional.get(Optional.java:148)
	at org.oneframework.config.AndroidDeviceModel.getAndroidDeviceByName(AndroidDeviceModel.java:32)
	at org.oneframework.drivers.AndroidDriverBuilder.setupDriver(AndroidDriverBuilder.java:24)
	at tests.BaseTest.setupMobileDriver(BaseTest.java:53)
	at tests.BaseTest.setupDriver(BaseTest.java:47)
	at java.base/jdk.internal.reflect.NativeMethodAccessorImpl.invoke0(Native Method)
	at java.base/jdk.internal.reflect.NativeMethodAccessorImpl.invoke(NativeMethodAccessorImpl.java:62)
	at java.base/jdk.internal.reflect.DelegatingMethodAccessorImpl.invoke(DelegatingMethodAccessorImpl.java:43)
	at java.base/java.lang.reflect.Method.invoke(Method.java:566)
	at org.testng.internal.MethodInvocationHelper.invokeMethod(MethodInvocationHelper.java:124)
	at org.testng.internal.MethodInvocationHelper.invokeMethodConsideringTimeout(MethodInvocationHelper.java:59)
	at org.testng.internal.Invoker.invokeConfigurationMethod(Invoker.java:458)
	at org.testng.internal.Invoker.invokeConfigurations(Invoker.java:222)
	at org.testng.internal.Invoker.invokeMethod(Invoker.java:523)
	at org.testng.internal.Invoker.invokeTestMethod(Invoker.java:719)
	at org.testng.internal.Invoker.invokeTestMethods(Invoker.java:989)
	at org.testng.internal.TestMethodWorker.invokeTestMethods(TestMethodWorker.java:125)
	at org.testng.internal.TestMethodWorker.run(TestMethodWorker.java:109)
	at java.base/java.util.concurrent.ThreadPoolExecutor.runWorker(ThreadPoolExecutor.java:1128)
	at java.base/java.util.concurrent.ThreadPoolExecutor$Worker.run(ThreadPoolExecutor.java:628)
	at java.base/java.lang.Thread.run(Thread.java:829)

SKIPPED CONFIGURATION: @AfterMethod stopAppiumServer
SKIPPED CONFIGURATION: @AfterMethod teardownDriver
SKIPPED CONFIGURATION: @BeforeMethod setupDriver
SKIPPED CONFIGURATION: @AfterMethod stopAppiumServer
SKIPPED CONFIGURATION: @AfterMethod teardownDriver
SKIPPED: testSignInOption
         testing the signin page visually
java.util.NoSuchElementException: No value present
	at java.base/java.util.Optional.get(Optional.java:148)
	at org.oneframework.config.AndroidDeviceModel.getAndroidDeviceByName(AndroidDeviceModel.java:32)
	at org.oneframework.drivers.AndroidDriverBuilder.setupDriver(AndroidDriverBuilder.java:24)
	at tests.BaseTest.setupMobileDriver(BaseTest.java:53)
	at tests.BaseTest.setupDriver(BaseTest.java:47)
	at java.base/jdk.internal.reflect.NativeMethodAccessorImpl.invoke0(Native Method)
	at java.base/jdk.internal.reflect.NativeMethodAccessorImpl.invoke(NativeMethodAccessorImpl.java:62)
	at java.base/jdk.internal.reflect.DelegatingMethodAccessorImpl.invoke(DelegatingMethodAccessorImpl.java:43)
	at java.base/java.lang.reflect.Method.invoke(Method.java:566)
	at org.testng.internal.MethodInvocationHelper.invokeMethod(MethodInvocationHelper.java:124)
	at org.testng.internal.MethodInvocationHelper.invokeMethodConsideringTimeout(MethodInvocationHelper.java:59)
	at org.testng.internal.Invoker.invokeConfigurationMethod(Invoker.java:458)
	at org.testng.internal.Invoker.invokeConfigurations(Invoker.java:222)
	at org.testng.internal.Invoker.invokeMethod(Invoker.java:523)
	at org.testng.internal.Invoker.invokeTestMethod(Invoker.java:719)
	at org.testng.internal.Invoker.invokeTestMethods(Invoker.java:989)
	at org.testng.internal.TestMethodWorker.invokeTestMethods(TestMethodWorker.java:125)
	at org.testng.internal.TestMethodWorker.run(TestMethodWorker.java:109)
	at java.base/java.util.concurrent.ThreadPoolExecutor.runWorker(ThreadPoolExecutor.java:1128)
	at java.base/java.util.concurrent.ThreadPoolExecutor$Worker.run(ThreadPoolExecutor.java:628)
	at java.base/java.lang.Thread.run(Thread.java:829)

SKIPPED: testSignUpOption
         testing the signup page visually
java.util.NoSuchElementException: No value present
	at java.base/java.util.Optional.get(Optional.java:148)
	at org.oneframework.config.AndroidDeviceModel.getAndroidDeviceByName(AndroidDeviceModel.java:32)
	at org.oneframework.drivers.AndroidDriverBuilder.setupDriver(AndroidDriverBuilder.java:24)
	at tests.BaseTest.setupMobileDriver(BaseTest.java:53)
	at tests.BaseTest.setupDriver(BaseTest.java:47)
	at java.base/jdk.internal.reflect.NativeMethodAccessorImpl.invoke0(Native Method)
	at java.base/jdk.internal.reflect.NativeMethodAccessorImpl.invoke(NativeMethodAccessorImpl.java:62)
	at java.base/jdk.internal.reflect.DelegatingMethodAccessorImpl.invoke(DelegatingMethodAccessorImpl.java:43)
	at java.base/java.lang.reflect.Method.invoke(Method.java:566)
	at org.testng.internal.MethodInvocationHelper.invokeMethod(MethodInvocationHelper.java:124)
	at org.testng.internal.MethodInvocationHelper.invokeMethodConsideringTimeout(MethodInvocationHelper.java:59)
	at org.testng.internal.Invoker.invokeConfigurationMethod(Invoker.java:458)
	at org.testng.internal.Invoker.invokeConfigurations(Invoker.java:222)
	at org.testng.internal.Invoker.invokeMethod(Invoker.java:523)
	at org.testng.internal.Invoker.invokeTestMethod(Invoker.java:719)
	at org.testng.internal.Invoker.invokeTestMethods(Invoker.java:989)
	at org.testng.internal.TestMethodWorker.invokeTestMethods(TestMethodWorker.java:125)
	at org.testng.internal.TestMethodWorker.run(TestMethodWorker.java:109)
	at java.base/java.util.concurrent.ThreadPoolExecutor.runWorker(ThreadPoolExecutor.java:1128)
	at java.base/java.util.concurrent.ThreadPoolExecutor$Worker.run(ThreadPoolExecutor.java:628)
	at java.base/java.lang.Thread.run(Thread.java:829)


===============================================
    ATDTest
    Tests run: 2, Failures: 0, Skips: 2
    Configuration Failures: 1, Skips: 5
===============================================


===============================================
ATDSuiteName
Total tests run: 2, Failures: 0, Skips: 2
Configuration Failures: 1, Skips: 5
===============================================

]]></system-out>
  <system-err><![CDATA[Aug 20, 2023 12:43:19 PM org.oneframework.logger.LoggingManager logMessage
INFO: Appium server has been started
]]></system-err>
</testsuite>
