<?xml version="1.0" encoding="UTF-8"?>
<testng-results ignored="0" total="2" passed="0" failed="0" skipped="2">
  <reporter-output>
  </reporter-output>
  <suite started-at="2023-08-20T07:13:17Z" name="ATDSuiteName" finished-at="2023-08-20T07:13:19Z" duration-ms="1853">
    <groups>
    </groups>
    <test started-at="2023-08-20T07:13:17Z" name="ATDTest" finished-at="2023-08-20T07:13:19Z" duration-ms="1853">
      <class name="tests.HomePageTest">
        <test-method is-config="true" signature="startAppiumServer(java.lang.String, java.lang.String)[pri:0, instance:tests.HomePageTest@2543d071]" started-at="2023-08-20T07:13:17Z" name="startAppiumServer" finished-at="2023-08-20T07:13:17Z" duration-ms="13" status="PASS">
          <params>
            <param index="0">
              <value>
                <![CDATA[mobile]]>
              </value>
            </param>
            <param index="1">
              <value>
                <![CDATA[android]]>
              </value>
            </param>
          </params>
          <reporter-output>
          </reporter-output>
        </test-method> <!-- startAppiumServer -->
        <test-method is-config="true" signature="setupDriver(java.lang.String, java.lang.String, java.lang.String)[pri:0, instance:tests.HomePageTest@2543d071]" started-at="2023-08-20T07:13:17Z" name="setupDriver" finished-at="2023-08-20T07:13:19Z" duration-ms="1621" status="FAIL">
          <params>
            <param index="0">
              <value>
                <![CDATA[mobile]]>
              </value>
            </param>
            <param index="1">
              <value>
                <![CDATA[android]]>
              </value>
            </param>
            <param index="2">
              <value is-null="true"/>
            </param>
          </params>
          <exception class="java.util.NoSuchElementException">
            <message>
              <![CDATA[No value present]]>
            </message>
            <full-stacktrace>
              <![CDATA[java.util.NoSuchElementException: No value present
at java.base/java.util.Optional.get(Optional.java:148)
at org.oneframework.config.AndroidDeviceModel.getAndroidDeviceByName(AndroidDeviceModel.java:32)
at org.oneframework.drivers.AndroidDriverBuilder.setupDriver(AndroidDriverBuilder.java:24)
at tests.BaseTest.setupMobileDriver(BaseTest.java:53)
at tests.BaseTest.setupDriver(BaseTest.java:47)
at java.base/jdk.internal.reflect.NativeMethodAccessorImpl.invoke0(Native Method)
at java.base/jdk.internal.reflect.NativeMethodAccessorImpl.invoke(NativeMethodAccessorImpl.java:62)
at java.base/jdk.internal.reflect.DelegatingMethodAccessorImpl.invoke(DelegatingMethodAccessorImpl.java:43)
at java.base/java.lang.reflect.Method.invoke(Method.java:566)
at org.testng.internal.MethodInvocationHelper.invokeMethod(MethodInvocationHelper.java:124)
at org.testng.internal.MethodInvocationHelper.invokeMethodConsideringTimeout(MethodInvocationHelper.java:59)
at org.testng.internal.Invoker.invokeConfigurationMethod(Invoker.java:458)
at org.testng.internal.Invoker.invokeConfigurations(Invoker.java:222)
at org.testng.internal.Invoker.invokeMethod(Invoker.java:523)
at org.testng.internal.Invoker.invokeTestMethod(Invoker.java:719)
at org.testng.internal.Invoker.invokeTestMethods(Invoker.java:989)
at org.testng.internal.TestMethodWorker.invokeTestMethods(TestMethodWorker.java:125)
at org.testng.internal.TestMethodWorker.run(TestMethodWorker.java:109)
at java.base/java.util.concurrent.ThreadPoolExecutor.runWorker(ThreadPoolExecutor.java:1128)
at java.base/java.util.concurrent.ThreadPoolExecutor$Worker.run(ThreadPoolExecutor.java:628)
at java.base/java.lang.Thread.run(Thread.java:829)
]]>
            </full-stacktrace>
          </exception> <!-- java.util.NoSuchElementException -->
          <reporter-output>
          </reporter-output>
        </test-method> <!-- setupDriver -->
        <test-method signature="testSignInOption()[pri:0, instance:tests.HomePageTest@2543d071]" started-at="2023-08-20T07:13:19Z" name="testSignInOption" description="testing the signin page visually" finished-at="2023-08-20T07:13:19Z" duration-ms="0" status="SKIP">
          <exception class="java.util.NoSuchElementException">
            <message>
              <![CDATA[No value present]]>
            </message>
            <full-stacktrace>
              <![CDATA[java.util.NoSuchElementException: No value present
at java.base/java.util.Optional.get(Optional.java:148)
at org.oneframework.config.AndroidDeviceModel.getAndroidDeviceByName(AndroidDeviceModel.java:32)
at org.oneframework.drivers.AndroidDriverBuilder.setupDriver(AndroidDriverBuilder.java:24)
at tests.BaseTest.setupMobileDriver(BaseTest.java:53)
at tests.BaseTest.setupDriver(BaseTest.java:47)
at java.base/jdk.internal.reflect.NativeMethodAccessorImpl.invoke0(Native Method)
at java.base/jdk.internal.reflect.NativeMethodAccessorImpl.invoke(NativeMethodAccessorImpl.java:62)
at java.base/jdk.internal.reflect.DelegatingMethodAccessorImpl.invoke(DelegatingMethodAccessorImpl.java:43)
at java.base/java.lang.reflect.Method.invoke(Method.java:566)
at org.testng.internal.MethodInvocationHelper.invokeMethod(MethodInvocationHelper.java:124)
at org.testng.internal.MethodInvocationHelper.invokeMethodConsideringTimeout(MethodInvocationHelper.java:59)
at org.testng.internal.Invoker.invokeConfigurationMethod(Invoker.java:458)
at org.testng.internal.Invoker.invokeConfigurations(Invoker.java:222)
at org.testng.internal.Invoker.invokeMethod(Invoker.java:523)
at org.testng.internal.Invoker.invokeTestMethod(Invoker.java:719)
at org.testng.internal.Invoker.invokeTestMethods(Invoker.java:989)
at org.testng.internal.TestMethodWorker.invokeTestMethods(TestMethodWorker.java:125)
at org.testng.internal.TestMethodWorker.run(TestMethodWorker.java:109)
at java.base/java.util.concurrent.ThreadPoolExecutor.runWorker(ThreadPoolExecutor.java:1128)
at java.base/java.util.concurrent.ThreadPoolExecutor$Worker.run(ThreadPoolExecutor.java:628)
at java.base/java.lang.Thread.run(Thread.java:829)
]]>
            </full-stacktrace>
          </exception> <!-- java.util.NoSuchElementException -->
          <reporter-output>
          </reporter-output>
        </test-method> <!-- testSignInOption -->
        <test-method is-config="true" signature="stopAppiumServer(java.lang.String, java.lang.String)[pri:0, instance:tests.HomePageTest@2543d071]" started-at="2023-08-20T07:13:19Z" name="stopAppiumServer" finished-at="2023-08-20T07:13:19Z" duration-ms="0" status="SKIP">
          <reporter-output>
          </reporter-output>
        </test-method> <!-- stopAppiumServer -->
        <test-method is-config="true" signature="teardownDriver()[pri:0, instance:tests.HomePageTest@2543d071]" started-at="2023-08-20T07:13:19Z" name="teardownDriver" finished-at="2023-08-20T07:13:19Z" duration-ms="0" status="SKIP">
          <reporter-output>
          </reporter-output>
        </test-method> <!-- teardownDriver -->
        <test-method signature="testSignUpOption()[pri:0, instance:tests.HomePageTest@2543d071]" started-at="2023-08-20T07:13:19Z" name="testSignUpOption" description="testing the signup page visually" finished-at="2023-08-20T07:13:19Z" duration-ms="0" status="SKIP">
          <exception class="java.util.NoSuchElementException">
            <message>
              <![CDATA[No value present]]>
            </message>
            <full-stacktrace>
              <![CDATA[java.util.NoSuchElementException: No value present
at java.base/java.util.Optional.get(Optional.java:148)
at org.oneframework.config.AndroidDeviceModel.getAndroidDeviceByName(AndroidDeviceModel.java:32)
at org.oneframework.drivers.AndroidDriverBuilder.setupDriver(AndroidDriverBuilder.java:24)
at tests.BaseTest.setupMobileDriver(BaseTest.java:53)
at tests.BaseTest.setupDriver(BaseTest.java:47)
at java.base/jdk.internal.reflect.NativeMethodAccessorImpl.invoke0(Native Method)
at java.base/jdk.internal.reflect.NativeMethodAccessorImpl.invoke(NativeMethodAccessorImpl.java:62)
at java.base/jdk.internal.reflect.DelegatingMethodAccessorImpl.invoke(DelegatingMethodAccessorImpl.java:43)
at java.base/java.lang.reflect.Method.invoke(Method.java:566)
at org.testng.internal.MethodInvocationHelper.invokeMethod(MethodInvocationHelper.java:124)
at org.testng.internal.MethodInvocationHelper.invokeMethodConsideringTimeout(MethodInvocationHelper.java:59)
at org.testng.internal.Invoker.invokeConfigurationMethod(Invoker.java:458)
at org.testng.internal.Invoker.invokeConfigurations(Invoker.java:222)
at org.testng.internal.Invoker.invokeMethod(Invoker.java:523)
at org.testng.internal.Invoker.invokeTestMethod(Invoker.java:719)
at org.testng.internal.Invoker.invokeTestMethods(Invoker.java:989)
at org.testng.internal.TestMethodWorker.invokeTestMethods(TestMethodWorker.java:125)
at org.testng.internal.TestMethodWorker.run(TestMethodWorker.java:109)
at java.base/java.util.concurrent.ThreadPoolExecutor.runWorker(ThreadPoolExecutor.java:1128)
at java.base/java.util.concurrent.ThreadPoolExecutor$Worker.run(ThreadPoolExecutor.java:628)
at java.base/java.lang.Thread.run(Thread.java:829)
]]>
            </full-stacktrace>
          </exception> <!-- java.util.NoSuchElementException -->
          <reporter-output>
          </reporter-output>
        </test-method> <!-- testSignUpOption -->
        <test-method is-config="true" signature="setupDriver(java.lang.String, java.lang.String, java.lang.String)[pri:0, instance:tests.HomePageTest@2543d071]" started-at="2023-08-20T07:13:19Z" name="setupDriver" finished-at="2023-08-20T07:13:19Z" duration-ms="0" status="SKIP">
          <reporter-output>
          </reporter-output>
        </test-method> <!-- setupDriver -->
        <test-method is-config="true" signature="stopAppiumServer(java.lang.String, java.lang.String)[pri:0, instance:tests.HomePageTest@2543d071]" started-at="2023-08-20T07:13:19Z" name="stopAppiumServer" finished-at="2023-08-20T07:13:19Z" duration-ms="0" status="SKIP">
          <reporter-output>
          </reporter-output>
        </test-method> <!-- stopAppiumServer -->
        <test-method is-config="true" signature="teardownDriver()[pri:0, instance:tests.HomePageTest@2543d071]" started-at="2023-08-20T07:13:19Z" name="teardownDriver" finished-at="2023-08-20T07:13:19Z" duration-ms="0" status="SKIP">
          <reporter-output>
          </reporter-output>
        </test-method> <!-- teardownDriver -->
      </class> <!-- tests.HomePageTest -->
    </test> <!-- ATDTest -->
  </suite> <!-- ATDSuiteName -->
</testng-results>
